
> sozialer-navigator-app@0.0.1 build
> astro build

[2m12:58:41[22m [34m[content][39m Syncing content
[2m12:58:41[22m [34m[content][39m Synced content
[2m12:58:41[22m [34m[types][39m Generated [2m372ms[22m
[2m12:58:41[22m [34m[build][39m output: [34m"static"[39m
[2m12:58:41[22m [34m[build][39m mode: [34m"static"[39m
[2m12:58:41[22m [34m[build][39m directory: [34mC:\Users\Jan-r\OneDrive\Dokumente\Jan\Projekt\sozialer-navigator\sozialer-navigator-app\dist\[39m
[2m12:58:41[22m [34m[build][39m Collecting build info...
[2m12:58:41[22m [34m[build][39m [32mÔ£ô Completed in 690ms.[39m
[2m12:58:42[22m [34m[build][39m Building static entrypoints...
[33m[1m12:58:47[22m [WARN] [vite][39m [33m"isRemoteAllowed", "matchHostname", "matchPathname", "matchPort" and "matchProtocol" are imported from external module "@astrojs/internal-helpers/remote" but never used in "node_modules/astro/dist/assets/utils/remotePattern.js".[39m
[2m12:58:47[22m [34m[vite][39m [32mÔ£ô built in 5.29s[39m
[2m12:58:47[22m [34m[build][39m [32mÔ£ô Completed in 5.46s.[39m

[42m[30m building client (vite) [39m[49m
[2m12:58:47[22m [34m[vite][39m transforming...
[2m12:58:54[22m [34m[vite][39m [32mÔ£ô[39m 475 modules transformed.
[2m12:58:54[22m [34m[vite][39m rendering chunks...
[2m12:58:54[22m [34m[vite][39m computing gzip size...
[2m12:58:54[22m [34m[vite][39m [2mdist/[22m[36m_astro/bildung-und-teilhabe.astro_astro_type_script_index_0_lang.C_WU6Gmc.js  [39m[1m[2m  0.89 kB[22m[1m[22m[2m Ôöé gzip:  0.57 kB[22m
[2m12:58:54[22m [34m[vite][39m [2mdist/[22m[36m_astro/avgs.astro_astro_type_script_index_0_lang.CRGQav_s.js                  [39m[1m[2m  0.96 kB[22m[1m[22m[2m Ôöé gzip:  0.61 kB[22m
[2m12:58:54[22m [34m[vite][39m [2mdist/[22m[36m_astro/ResultsSection.astro_astro_type_script_index_0_lang.DjjQO-tx.js        [39m[1m[2m  6.55 kB[22m[1m[22m[2m Ôöé gzip:  2.61 kB[22m
[2m12:58:54[22m [34m[vite][39m [2mdist/[22m[36m_astro/index._OACqPSs.js                                                      [39m[1m[2m  6.81 kB[22m[1m[22m[2m Ôöé gzip:  2.73 kB[22m
[2m12:58:54[22m [34m[vite][39m [2mdist/[22m[36m_astro/index.astro_astro_type_script_index_0_lang.Cr7BuY9a.js                 [39m[1m[2m 24.48 kB[22m[1m[22m[2m Ôöé gzip:  7.20 kB[22m
[2m12:58:54[22m [34m[vite][39m [2mdist/[22m[36m_astro/client.UhKajuk8.js                                                     [39m[1m[2m136.50 kB[22m[1m[22m[2m Ôöé gzip: 44.02 kB[22m
[2m12:58:54[22m [34m[vite][39m [2mdist/[22m[36m_astro/index.0LnPeXwf.js                                                      [39m[1m[2m168.69 kB[22m[1m[22m[2m Ôöé gzip: 43.97 kB[22m
[2m12:58:54[22m [34m[vite][39m [2mdist/[22m[36m_astro/SmartCalculator.B_EcCaWt.js                                            [39m[1m[2m198.69 kB[22m[1m[22m[2m Ôöé gzip: 56.89 kB[22m
[2m12:58:54[22m [34m[vite][39m [32mÔ£ô built in 6.94s[39m

[42m[30m generating static routes [39m[49m
[2m12:58:54[22m [32mÔûÂ[39m src/pages/admin/dashboard.astro
[2m12:58:54[22m   [34mÔööÔöÇ[39m [2m/admin/dashboard/index.html[22m [2m(+23ms)[22m 
[2m12:58:54[22m [32mÔûÂ[39m src/pages/avgs.astro
[2m12:58:54[22m   [34mÔööÔöÇ[39m [2m/avgs/index.html[22m [2m(+10ms)[22m 
[2m12:58:54[22m [32mÔûÂ[39m src/pages/bildung-und-teilhabe.astro
node.exe : Layout is not defined
In Zeile:1 Zeichen:1
+ & "C:\Program Files\nodejs/node.exe" "C:\Program Files\nodejs/node_mo ...
+ ~~~~~~~~~~~~~~~~~~~~~~~~~~~~~~~~~~~~~~~~~~~~~~~~~~~~~~~~~~~~~~~~~~~~~
    + CategoryInfo          : NotSpecified: (Layout is not defined:String) [], RemoteException
    + FullyQualifiedErrorId : NativeCommandError
 
  [1mStack trace:[22m
[2m    at file:///C:/Users/Jan-r/OneDrive/Dokumente/Jan/Projekt/sozialer-navigator/sozialer-navigator-app/dist/pages/bildung-und-teilhabe.astro.mjs?time=1769255934908:7:63
    at callComponentAsTemplateResultOrResponse 
(file:///C:/Users/Jan-r/OneDrive/Dokumente/Jan/Projekt/sozialer-navigator/sozialer-navigator-app/node_modules/astro/dist/runtime/server/render/astro/render.js:91:31)
    at renderPage (file:///C:/Users/Jan-r/OneDrive/Dokumente/Jan/Projekt/sozialer-navigator/sozialer-navigator-app/node_modules/astro/dist/runtime/server/render/page.js:49:18)
    at async NOOP_MIDDLEWARE_FN (file:///C:/Users/Jan-r/OneDrive/Dokumente/Jan/Projekt/sozialer-navigator/sozialer-navigator-app/node_modules/astro/dist/core/middleware/noop-middleware.js:3:20)
    at async RenderContext.render (file:///C:/Users/Jan-r/OneDrive/Dokumente/Jan/Projekt/sozialer-navigator/sozialer-navigator-app/node_modules/astro/dist/core/render-context.js:249:22)[22m
[2m12:58:54[22m   [34mÔööÔöÇ[39m [2m/bildung-und-teilhabe/index.html[22m
