[DISTRICT] berlin PLZ 13629 -> WRONG MAPPING. Got: "Bezirksamt Charlottenburg-Wilmersdorf - Amt für Soziales", Expected: "Bezirksamt Spandau - Amt für Soziales"
[DISTRICT] berlin PLZ 14195 -> WRONG MAPPING. Got: "Bezirksamt Charlottenburg-Wilmersdorf - Amt für Soziales", Expected: "Bezirksamt Steglitz-Zehlendorf - Amt für Soziales"
[DISTRICT] berlin PLZ 10777 -> WRONG MAPPING. Got: "Bezirksamt Charlottenburg-Wilmersdorf - Amt für Soziales", Expected: "Bezirksamt Tempelhof-Schöneberg - Amt für Soziales"
[DISTRICT] berlin PLZ 10781 -> WRONG MAPPING. Got: "Bezirksamt Charlottenburg-Wilmersdorf - Amt für Soziales", Expected: "Bezirksamt Tempelhof-Schöneberg - Amt für Soziales"
[DISTRICT] berlin PLZ 10783 -> WRONG MAPPING. Got: "Bezirksamt Charlottenburg-Wilmersdorf - Amt für Soziales", Expected: "Bezirksamt Tempelhof-Schöneberg - Amt für Soziales"
[DISTRICT] hamburg PLZ 22525 -> WRONG MAPPING. Got: "Bezirksamt Altona - Soziales", Expected: "Bezirksamt Eimsbüttel - Soziales"
[DISTRICT] hamburg PLZ 22527 -> WRONG MAPPING. Got: "Bezirksamt Altona - Soziales", Expected: "Bezirksamt Eimsbüttel - Soziales"
[DISTRICT] hamburg PLZ 22529 -> WRONG MAPPING. Got: "Bezirksamt Altona - Soziales", Expected: "Bezirksamt Eimsbüttel - Soziales"
[DISTRICT] hamburg PLZ 22081 -> WRONG MAPPING. Got: "Bezirksamt Eimsbüttel - Soziales", Expected: "Bezirksamt Hamburg-Nord - Soziales"
[DISTRICT] hamburg PLZ 22083 -> WRONG MAPPING. Got: "Bezirksamt Eimsbüttel - Soziales", Expected: "Bezirksamt Hamburg-Nord - Soziales"
[DISTRICT] hamburg PLZ 22085 -> WRONG MAPPING. Got: "Bezirksamt Eimsbüttel - Soziales", Expected: "Bezirksamt Hamburg-Nord - Soziales"
[DISTRICT] hamburg PLZ 22087 -> WRONG MAPPING. Got: "Bezirksamt Eimsbüttel - Soziales", Expected: "Bezirksamt Hamburg-Nord - Soziales"
[DISTRICT] hamburg PLZ 22089 -> WRONG MAPPING. Got: "Bezirksamt Eimsbüttel - Soziales", Expected: "Bezirksamt Hamburg-Nord - Soziales"
[DISTRICT] hamburg PLZ 22041 -> WRONG MAPPING. Got: "Bezirksamt Eimsbüttel - Soziales", Expected: "Bezirksamt Wandsbek - Soziales"
[DISTRICT] hamburg PLZ 22043 -> WRONG MAPPING. Got: "Bezirksamt Eimsbüttel - Soziales", Expected: "Bezirksamt Wandsbek - Soziales"
[DISTRICT] hamburg PLZ 22045 -> WRONG MAPPING. Got: "Bezirksamt Eimsbüttel - Soziales", Expected: "Bezirksamt Wandsbek - Soziales"
[DISTRICT] hamburg PLZ 22047 -> WRONG MAPPING. Got: "Bezirksamt Eimsbüttel - Soziales", Expected: "Bezirksamt Wandsbek - Soziales"
[DISTRICT] hamburg PLZ 22049 -> WRONG MAPPING. Got: "Bezirksamt Eimsbüttel - Soziales", Expected: "Bezirksamt Wandsbek - Soziales"
[DISTRICT] hamburg PLZ 22359 -> WRONG MAPPING. Got: "Bezirksamt Hamburg-Nord - Soziales", Expected: "Bezirksamt Wandsbek - Soziales"
[DISTRICT] hamburg PLZ 22391 -> WRONG MAPPING. Got: "Bezirksamt Hamburg-Nord - Soziales", Expected: "Bezirksamt Wandsbek - Soziales"
[DISTRICT] hamburg PLZ 22393 -> WRONG MAPPING. Got: "Bezirksamt Hamburg-Nord - Soziales", Expected: "Bezirksamt Wandsbek - Soziales"
[DISTRICT] hamburg PLZ 22395 -> WRONG MAPPING. Got: "Bezirksamt Hamburg-Nord - Soziales", Expected: "Bezirksamt Wandsbek - Soziales"
[DISTRICT] hamburg PLZ 22397 -> WRONG MAPPING. Got: "Bezirksamt Hamburg-Nord - Soziales", Expected: "Bezirksamt Wandsbek - Soziales"
[DISTRICT] hamburg PLZ 22399 -> WRONG MAPPING. Got: "Bezirksamt Hamburg-Nord - Soziales", Expected: "Bezirksamt Wandsbek - Soziales"
[DISTRICT] hamburg PLZ 22113 -> WRONG MAPPING. Got: "Bezirksamt Hamburg-Mitte - Fachamt Grundsicherung und Soziales", Expected: "Bezirksamt Bergedorf - Soziales"
[DISTRICT] hamburg PLZ 21107 -> WRONG MAPPING. Got: "Bezirksamt Hamburg-Mitte - Fachamt Grundsicherung und Soziales", Expected: "Bezirksamt Harburg - Soziales"
[DISTRICT] hamburg PLZ 21109 -> WRONG MAPPING. Got: "Bezirksamt Hamburg-Mitte - Fachamt Grundsicherung und Soziales", Expected: "Bezirksamt Harburg - Soziales"
[DISTRICT] hamburg PLZ 21129 -> WRONG MAPPING. Got: "Bezirksamt Hamburg-Mitte - Fachamt Grundsicherung und Soziales", Expected: "Bezirksamt Harburg - Soziales"